c:\users\yomama\source\repos\finalonlya\debug\vc141.pdb
c:\users\yomama\source\repos\finalonlya\debug\vc141.idb
c:\users\yomama\source\repos\finalonlya\debug\vector2.obj
c:\users\yomama\source\repos\finalonlya\debug\sentry.obj
c:\users\yomama\source\repos\finalonlya\debug\position.obj
c:\users\yomama\source\repos\finalonlya\debug\player.obj
c:\users\yomama\source\repos\finalonlya\debug\pathwalked.obj
c:\users\yomama\source\repos\finalonlya\debug\monster.obj
c:\users\yomama\source\repos\finalonlya\debug\main.obj
c:\users\yomama\source\repos\finalonlya\debug\level.obj
c:\users\yomama\source\repos\finalonlya\debug\game.obj
c:\users\yomama\source\repos\finalonlya\debug\drone.obj
c:\users\yomama\source\repos\finalonlya\debug\attacker.obj
c:\users\yomama\source\repos\finalonlya\debug\finalonlya.pdb
c:\users\yomama\source\repos\finalonlya\debug\finalonlya.tlog\cl.command.1.tlog
c:\users\yomama\source\repos\finalonlya\debug\finalonlya.tlog\cl.read.1.tlog
c:\users\yomama\source\repos\finalonlya\debug\finalonlya.tlog\cl.write.1.tlog
c:\users\yomama\source\repos\finalonlya\debug\finalonlya.tlog\link-cvtres.read.1.tlog
c:\users\yomama\source\repos\finalonlya\debug\finalonlya.tlog\link-cvtres.write.1.tlog
c:\users\yomama\source\repos\finalonlya\debug\finalonlya.tlog\link-rc.read.1.tlog
c:\users\yomama\source\repos\finalonlya\debug\finalonlya.tlog\link-rc.write.1.tlog
c:\users\yomama\source\repos\finalonlya\debug\finalonlya.tlog\link.command.1.tlog
c:\users\yomama\source\repos\finalonlya\debug\finalonlya.tlog\link.read.1.tlog
c:\users\yomama\source\repos\finalonlya\debug\finalonlya.tlog\link.write.1.tlog
